	0xBF,	// -
	0xC0,	// 0
	0xF9,	// 1
	0xA4,	// 2
	0xB0,	// 3
	0x99,	// 4
	0x92,	// 5
	0x82,	// 6
	0xF8,	// 7
	0x80,	// 8
	0x90,	// 9
	0x88,	// A
	0x83,	// B
	0xC6,	// C
	0xA1,	// D
	0x86,	// E
	0x8E,	// F
	0xC6,0xC7,	// CL
	0x88,0xC7,	// AL
	0xC6,0x89,	// CH
	0xA1,0x88,	// dA
	0xA1,0x91,	// dy
	0x87,0x8C,	// tp
	0x83,0x8C,	// bP
	0xFF,0xFF,0xC8,0x92,	// C3F __US
	0xFF,0xFF,0xC1,0x92,	// C3N __US
	0xFF,0xFF,0xB0,0xC1,	// C3F __EU
	0xFF,0xFF,0x86,0xC1,	// C3N __EU
	0xFF,0xFF,0xCF,0xA4,	// C3F __12
	0xFF,0xFF,0xF9,0xA4,	// C3N __12
	0xFF,0xFF,0xA4,0x99,	// C3F __24
	0xFF,0xFF,0xA4,0x99,	// C3N __24
	0xFF,0xFF,0xFF,0x8E,	// C3F ___F
	0xFF,0xFF,0xFF,0x8E,	// C3N ___F
	0xFF,0xFF,0xFF,0xC6,	// C3F ___C
	0xFF,0xFF,0xFF,0xC6,	// C3N ___C
	0x92,0x86,0xB8,0xFF,	// C3F sEt_
	0x92,0x86,0x87,0xFF,	// C3N sEt_
	0x83,0x86,0xB0,0x8C,	// C3F BEEP
	0x83,0x86,0x86,0x8C,	// C3N BEEP
	0xA1,0x92,0xA1,0xFF,	// C3F dsp_
	0xA1,0x92,0x8C,0xFF,	// C3N dsp_
	0xC6,0x8E,0x90,0xFF,	// C3F CFG_
	0xC6,0x8E,0x82,0xFF,	// C3N CFG_
	0xC1,0xAB,0xDF,0x87,	// C3F Unit
	0xC1,0xAB,0xFB,0x87,	// C3N Unit
	0xF9,0xA4,0xA4,0x99,	// C3F 1224
	0xF9,0xA4,0xA4,0x99,	// C3N 1224
	0xF9,0xA4,0x86,0xF9,	// C3F 1231
	0xF9,0xA4,0xB0,0xF9,	// C3N 1231
	0xB0,0xF9,0xCF,0xA4,	// C3F 3112
	0xB0,0xF9,0xF9,0xA4,	// C3N 3112
	0x83,0xAF,0xB8,0xFF,	// C3F brt_
	0x83,0xAF,0x87,0xFF,	// C3N brt_
	0xC6,0x88,0xF8,0xFF,	// C3F CAL_
	0xC6,0x88,0xC7,0xFF,	// C3N CAL_
	0xA1,0x88,0xB8,0x86,	// C3F dAtE
	0xA1,0x88,0x87,0x86,	// C3N dAtE
	0x87,0x86,0x8D,0x8C,	// C3F TEMP
	0x87,0x86,0xA9,0x8C,	// C3N TEMP
	0xFF,0xFF,0x9C,0xAB,	// C3F __on
	0xFF,0xFF,0xA3,0xAB,	// C3N __on
	0xFF,0xFF,0xC0,0x8E,	// C3F __OF
	0xFF,0xFF,0xC0,0x8E,	// C3N __OF
	0xFF,0x92,0xDC,0xAB,	// C3F _Sun
	0xFF,0x92,0xE3,0xAB,	// C3N _Sun
	0xFF,0xA9,0x9C,0xAB,	// C3F _Mon
	0xFF,0xA9,0xA3,0xAB,	// C3N _Mon
	0xFF,0x87,0xC8,0x86,	// C3F _TUE
	0xFF,0x87,0xC1,0x86,	// C3N _TUE
	0xFF,0x81,0xA0,0xA1,	// C3F _Wed
	0xFF,0x81,0x84,0xA1,	// C3N _Wed
	0xFF,0x87,0x99,0xE3,	// C3F _Thu
	0xFF,0x87,0x8B,0xE3,	// C3N _Thu
	0xFF,0x8E,0xBD,0xFB,	// C3F _Fri
	0xFF,0x8E,0xAF,0xFB,	// C3N _Fri
	0xFF,0x92,0x84,0x87,	// C3F _Sat
	0xFF,0x92,0xA0,0x87,	// C3N _Sat
